<?xml version="1.0" encoding="UTF-8"?>
<testng-results ignored="0" total="1" passed="1" failed="0" skipped="0">
  <reporter-output>
  </reporter-output>
  <suite started-at="2025-10-31T12:45:41 IST" name="Default suite" finished-at="2025-10-31T12:45:41 IST" duration-ms="70">
    <groups>
    </groups>
    <test started-at="2025-10-31T12:45:41 IST" name="Default test" finished-at="2025-10-31T12:45:41 IST" duration-ms="70">
      <class name="seleniumBasics.TestNGAnnotation">
        <test-method is-config="true" signature="beforesuite()[pri:0, instance:seleniumBasics.TestNGAnnotation@36fc695d]" started-at="2025-10-31T12:45:41 IST" name="beforesuite" finished-at="2025-10-31T12:45:41 IST" duration-ms="12" status="PASS">
          <reporter-output>
          </reporter-output>
        </test-method> <!-- beforesuite -->
        <test-method is-config="true" signature="beforetest()[pri:0, instance:seleniumBasics.TestNGAnnotation@36fc695d]" started-at="2025-10-31T12:45:41 IST" name="beforetest" finished-at="2025-10-31T12:45:41 IST" duration-ms="1" status="PASS">
          <reporter-output>
          </reporter-output>
        </test-method> <!-- beforetest -->
        <test-method is-config="true" signature="beforeclass()[pri:0, instance:seleniumBasics.TestNGAnnotation@36fc695d]" started-at="2025-10-31T12:45:41 IST" name="beforeclass" finished-at="2025-10-31T12:45:41 IST" duration-ms="1" status="PASS">
          <reporter-output>
          </reporter-output>
        </test-method> <!-- beforeclass -->
        <test-method is-config="true" signature="beforemethod()[pri:0, instance:seleniumBasics.TestNGAnnotation@36fc695d]" started-at="2025-10-31T12:45:41 IST" name="beforemethod" finished-at="2025-10-31T12:45:41 IST" duration-ms="1" status="PASS">
          <reporter-output>
          </reporter-output>
        </test-method> <!-- beforemethod -->
        <test-method signature="test()[pri:0, instance:seleniumBasics.TestNGAnnotation@36fc695d]" started-at="2025-10-31T12:45:41 IST" name="test" finished-at="2025-10-31T12:45:41 IST" duration-ms="10" status="PASS">
          <reporter-output>
          </reporter-output>
        </test-method> <!-- test -->
        <test-method is-config="true" signature="aftermethod()[pri:0, instance:seleniumBasics.TestNGAnnotation@36fc695d]" started-at="2025-10-31T12:45:41 IST" name="aftermethod" finished-at="2025-10-31T12:45:41 IST" duration-ms="1" status="PASS">
          <reporter-output>
          </reporter-output>
        </test-method> <!-- aftermethod -->
        <test-method is-config="true" signature="afterclass()[pri:0, instance:seleniumBasics.TestNGAnnotation@36fc695d]" started-at="2025-10-31T12:45:41 IST" name="afterclass" finished-at="2025-10-31T12:45:41 IST" duration-ms="1" status="PASS">
          <reporter-output>
          </reporter-output>
        </test-method> <!-- afterclass -->
        <test-method is-config="true" signature="aftertest()[pri:0, instance:seleniumBasics.TestNGAnnotation@36fc695d]" started-at="2025-10-31T12:45:41 IST" name="aftertest" finished-at="2025-10-31T12:45:41 IST" duration-ms="1" status="PASS">
          <reporter-output>
          </reporter-output>
        </test-method> <!-- aftertest -->
        <test-method is-config="true" signature="aftersuite()[pri:0, instance:seleniumBasics.TestNGAnnotation@36fc695d]" started-at="2025-10-31T12:45:41 IST" name="aftersuite" finished-at="2025-10-31T12:45:41 IST" duration-ms="1" status="PASS">
          <reporter-output>
          </reporter-output>
        </test-method> <!-- aftersuite -->
      </class> <!-- seleniumBasics.TestNGAnnotation -->
    </test> <!-- Default test -->
  </suite> <!-- Default suite -->
</testng-results>
